13/10/2017 17:35:47 (Std) 	+-+-+-+-+-+-+-+-+-+-+-+-+-+-+-+-+-+-+-+-+-+-+-+-+-+-+-+-+-+-+-+-+-+-+-+-+-+-+-+
13/10/2017 17:35:47 (Std) 	+                     Crazy Eddie's GUI System - Event log                    +
13/10/2017 17:35:47 (Std) 	+                          (http://www.cegui.org.uk/)                         +
13/10/2017 17:35:47 (Std) 	+-+-+-+-+-+-+-+-+-+-+-+-+-+-+-+-+-+-+-+-+-+-+-+-+-+-+-+-+-+-+-+-+-+-+-+-+-+-+-+

13/10/2017 17:35:47 (Std) 	CEGUI::Logger singleton created. (0x2a3f470)
13/10/2017 17:35:47 (Std) 	
13/10/2017 17:35:47 (Std) 	********************************************************************************
13/10/2017 17:35:47 (Std) 	* Important:                                                                   *
13/10/2017 17:35:47 (Std) 	*     To get support at the CEGUI forums, you must post _at least_ the section *
13/10/2017 17:35:47 (Std) 	*     of this log file indicated below.  Failure to do this will result in no  *
13/10/2017 17:35:47 (Std) 	*     support being given; please do not waste our time.                       *
13/10/2017 17:35:47 (Std) 	********************************************************************************
13/10/2017 17:35:47 (Std) 	********************************************************************************
13/10/2017 17:35:47 (Std) 	* -------- START OF ESSENTIAL SECTION TO BE POSTED ON THE FORUM       -------- *
13/10/2017 17:35:47 (Std) 	********************************************************************************
13/10/2017 17:35:47 (Std) 	---- Version: 0.8.7 (Build: Oct  6 2017 GNU/Linux g++ 5.4.0 20160609 64 bit) ----
13/10/2017 17:35:47 (Std) 	---- Renderer module is: CEGUI::OgreRenderer - Official OGRE based 2nd generation renderer module. ----
13/10/2017 17:35:47 (Std) 	---- XML Parser module is: CEGUI::ExpatParser - Official expat based parser module for CEGUI ----
13/10/2017 17:35:47 (Std) 	---- Image Codec module is: OgreImageCodec - Integrated ImageCodec using the Ogre engine. ----
13/10/2017 17:35:47 (Std) 	---- Scripting module is: None ----
13/10/2017 17:35:47 (Std) 	********************************************************************************
13/10/2017 17:35:47 (Std) 	* -------- END OF ESSENTIAL SECTION TO BE POSTED ON THE FORUM         -------- *
13/10/2017 17:35:47 (Std) 	********************************************************************************
13/10/2017 17:35:47 (Std) 	
13/10/2017 17:35:47 (Std) 	---- Begining CEGUI System initialisation ----
13/10/2017 17:35:47 (Std) 	[CEGUI::ImageManager] Singleton created (0x2a40160)
13/10/2017 17:35:47 (Std) 	[CEGUI::ImageManager] Registered Image type: BasicImage
13/10/2017 17:35:47 (Std) 	CEGUI::FontManager singleton created. (0x2a402c0)
13/10/2017 17:35:47 (Std) 	CEGUI::WindowFactoryManager singleton created
13/10/2017 17:35:47 (Std) 	CEGUI::WindowManager singleton created (0x2a41540)
13/10/2017 17:35:47 (Std) 	CEGUI::SchemeManager singleton created. (0x2a403f0)
13/10/2017 17:35:47 (Std) 	CEGUI::GlobalEventSet singleton created. (0x2a3fc20)
13/10/2017 17:35:47 (Std) 	CEGUI::AnimationManager singleton created (0x2a3fee0)
13/10/2017 17:35:47 (Std) 	CEGUI::WidgetLookManager singleton created. (0x2a3fc70)
13/10/2017 17:35:47 (Std) 	CEGUI::WindowRendererManager singleton created (0x2a40c50)
13/10/2017 17:35:47 (Std) 	CEGUI::RenderEffectManager singleton created (0x2a40520)
13/10/2017 17:35:47 (Std) 	Created WindowFactory for 'DefaultWindow' windows.
13/10/2017 17:35:47 (Std) 	WindowFactory for 'DefaultWindow' windows added. (0x2a46890)
13/10/2017 17:35:47 (Std) 	Created WindowFactory for 'DragContainer' windows.
13/10/2017 17:35:47 (Std) 	WindowFactory for 'DragContainer' windows added. (0x2a46970)
13/10/2017 17:35:47 (Std) 	Created WindowFactory for 'ScrolledContainer' windows.
13/10/2017 17:35:47 (Std) 	WindowFactory for 'ScrolledContainer' windows added. (0x2a46b90)
13/10/2017 17:35:47 (Std) 	Created WindowFactory for 'ClippedContainer' windows.
13/10/2017 17:35:47 (Std) 	WindowFactory for 'ClippedContainer' windows added. (0x2a46e60)
13/10/2017 17:35:47 (Std) 	Created WindowFactory for 'CEGUI/PushButton' windows.
13/10/2017 17:35:47 (Std) 	WindowFactory for 'CEGUI/PushButton' windows added. (0x2a47000)
13/10/2017 17:35:47 (Std) 	Created WindowFactory for 'CEGUI/RadioButton' windows.
13/10/2017 17:35:47 (Std) 	WindowFactory for 'CEGUI/RadioButton' windows added. (0x2a471a0)
13/10/2017 17:35:47 (Std) 	Created WindowFactory for 'CEGUI/Combobox' windows.
13/10/2017 17:35:47 (Std) 	WindowFactory for 'CEGUI/Combobox' windows added. (0x2a47260)
13/10/2017 17:35:47 (Std) 	Created WindowFactory for 'CEGUI/ComboDropList' windows.
13/10/2017 17:35:47 (Std) 	WindowFactory for 'CEGUI/ComboDropList' windows added. (0x2a47580)
13/10/2017 17:35:47 (Std) 	Created WindowFactory for 'CEGUI/Editbox' windows.
13/10/2017 17:35:47 (Std) 	WindowFactory for 'CEGUI/Editbox' windows added. (0x2a47720)
13/10/2017 17:35:47 (Std) 	Created WindowFactory for 'CEGUI/FrameWindow' windows.
13/10/2017 17:35:47 (Std) 	WindowFactory for 'CEGUI/FrameWindow' windows added. (0x2a478c0)
13/10/2017 17:35:47 (Std) 	Created WindowFactory for 'CEGUI/ItemEntry' windows.
13/10/2017 17:35:47 (Std) 	WindowFactory for 'CEGUI/ItemEntry' windows added. (0x2a47a60)
13/10/2017 17:35:47 (Std) 	Created WindowFactory for 'CEGUI/Listbox' windows.
13/10/2017 17:35:47 (Std) 	WindowFactory for 'CEGUI/Listbox' windows added. (0x2a47c00)
13/10/2017 17:35:47 (Std) 	Created WindowFactory for 'CEGUI/ListHeader' windows.
13/10/2017 17:35:47 (Std) 	WindowFactory for 'CEGUI/ListHeader' windows added. (0x2a47da0)
13/10/2017 17:35:47 (Std) 	Created WindowFactory for 'CEGUI/ListHeaderSegment' windows.
13/10/2017 17:35:47 (Std) 	WindowFactory for 'CEGUI/ListHeaderSegment' windows added. (0x2a47f40)
13/10/2017 17:35:47 (Std) 	Created WindowFactory for 'CEGUI/Menubar' windows.
13/10/2017 17:35:47 (Std) 	WindowFactory for 'CEGUI/Menubar' windows added. (0x2a480e0)
13/10/2017 17:35:47 (Std) 	Created WindowFactory for 'CEGUI/PopupMenu' windows.
13/10/2017 17:35:47 (Std) 	WindowFactory for 'CEGUI/PopupMenu' windows added. (0x2a48280)
13/10/2017 17:35:47 (Std) 	Created WindowFactory for 'CEGUI/MenuItem' windows.
13/10/2017 17:35:47 (Std) 	WindowFactory for 'CEGUI/MenuItem' windows added. (0x2a48420)
13/10/2017 17:35:47 (Std) 	Created WindowFactory for 'CEGUI/MultiColumnList' windows.
13/10/2017 17:35:47 (Std) 	WindowFactory for 'CEGUI/MultiColumnList' windows added. (0x2a486d0)
13/10/2017 17:35:47 (Std) 	Created WindowFactory for 'CEGUI/MultiLineEditbox' windows.
13/10/2017 17:35:47 (Std) 	WindowFactory for 'CEGUI/MultiLineEditbox' windows added. (0x2a48870)
13/10/2017 17:35:47 (Std) 	Created WindowFactory for 'CEGUI/ProgressBar' windows.
13/10/2017 17:35:47 (Std) 	WindowFactory for 'CEGUI/ProgressBar' windows added. (0x2a48a10)
13/10/2017 17:35:47 (Std) 	Created WindowFactory for 'CEGUI/ScrollablePane' windows.
13/10/2017 17:35:47 (Std) 	WindowFactory for 'CEGUI/ScrollablePane' windows added. (0x2a48bb0)
13/10/2017 17:35:47 (Std) 	Created WindowFactory for 'CEGUI/Scrollbar' windows.
13/10/2017 17:35:47 (Std) 	WindowFactory for 'CEGUI/Scrollbar' windows added. (0x2a48d50)
13/10/2017 17:35:47 (Std) 	Created WindowFactory for 'CEGUI/Slider' windows.
13/10/2017 17:35:47 (Std) 	WindowFactory for 'CEGUI/Slider' windows added. (0x2a48ef0)
13/10/2017 17:35:47 (Std) 	Created WindowFactory for 'CEGUI/Spinner' windows.
13/10/2017 17:35:47 (Std) 	WindowFactory for 'CEGUI/Spinner' windows added. (0x2a49090)
13/10/2017 17:35:47 (Std) 	Created WindowFactory for 'CEGUI/TabButton' windows.
13/10/2017 17:35:47 (Std) 	WindowFactory for 'CEGUI/TabButton' windows added. (0x2a49230)
13/10/2017 17:35:47 (Std) 	Created WindowFactory for 'CEGUI/TabControl' windows.
13/10/2017 17:35:47 (Std) 	WindowFactory for 'CEGUI/TabControl' windows added. (0x2a493d0)
13/10/2017 17:35:47 (Std) 	Created WindowFactory for 'CEGUI/Thumb' windows.
13/10/2017 17:35:47 (Std) 	WindowFactory for 'CEGUI/Thumb' windows added. (0x2a49570)
13/10/2017 17:35:47 (Std) 	Created WindowFactory for 'CEGUI/Titlebar' windows.
13/10/2017 17:35:47 (Std) 	WindowFactory for 'CEGUI/Titlebar' windows added. (0x2a49710)
13/10/2017 17:35:47 (Std) 	Created WindowFactory for 'CEGUI/ToggleButton' windows.
13/10/2017 17:35:47 (Std) 	WindowFactory for 'CEGUI/ToggleButton' windows added. (0x2a498b0)
13/10/2017 17:35:47 (Std) 	Created WindowFactory for 'CEGUI/Tooltip' windows.
13/10/2017 17:35:47 (Std) 	WindowFactory for 'CEGUI/Tooltip' windows added. (0x2a49a50)
13/10/2017 17:35:47 (Std) 	Created WindowFactory for 'CEGUI/ItemListbox' windows.
13/10/2017 17:35:47 (Std) 	WindowFactory for 'CEGUI/ItemListbox' windows added. (0x2a49bf0)
13/10/2017 17:35:47 (Std) 	Created WindowFactory for 'CEGUI/GroupBox' windows.
13/10/2017 17:35:47 (Std) 	WindowFactory for 'CEGUI/GroupBox' windows added. (0x2a49d90)
13/10/2017 17:35:47 (Std) 	Created WindowFactory for 'CEGUI/Tree' windows.
13/10/2017 17:35:47 (Std) 	WindowFactory for 'CEGUI/Tree' windows added. (0x2a49f30)
13/10/2017 17:35:47 (Std) 	Created WindowFactory for 'LayoutCell' windows.
13/10/2017 17:35:47 (Std) 	WindowFactory for 'LayoutCell' windows added. (0x2a485c0)
13/10/2017 17:35:47 (Std) 	Created WindowFactory for 'HorizontalLayoutContainer' windows.
13/10/2017 17:35:47 (Std) 	WindowFactory for 'HorizontalLayoutContainer' windows added. (0x2a4a3c0)
13/10/2017 17:35:47 (Std) 	Created WindowFactory for 'VerticalLayoutContainer' windows.
13/10/2017 17:35:47 (Std) 	WindowFactory for 'VerticalLayoutContainer' windows added. (0x2a4a560)
13/10/2017 17:35:47 (Std) 	Created WindowFactory for 'GridLayoutContainer' windows.
13/10/2017 17:35:47 (Std) 	WindowFactory for 'GridLayoutContainer' windows added. (0x2a4a700)
13/10/2017 17:35:47 (Std) 	CEGUI::System singleton created. (0x2a3f2f0)
13/10/2017 17:35:47 (Std) 	---- CEGUI System initialisation completed ----
13/10/2017 17:35:47 (Std) 	
13/10/2017 17:35:47 (Std) 	Started creation of Scheme from XML specification:
13/10/2017 17:35:47 (Std) 	---- CEGUI GUIScheme name: TaharezLook
13/10/2017 17:35:47 (Std) 	[ImageManager] Started creation of Imageset from XML specification:
13/10/2017 17:35:47 (Std) 	[ImageManager] ---- CEGUI Imageset name: TaharezLook
13/10/2017 17:35:47 (Std) 	[ImageManager] ---- Source texture file: TaharezLook.png
13/10/2017 17:35:47 (Std) 	[ImageManager] ---- Source texture resource group: (Default)
13/10/2017 17:35:47 (Std) 	[OgreRenderer] Created texture: TaharezLook
13/10/2017 17:35:47 (Std) 	[ImageManager] Created image: 'TaharezLook/ClientBrush' (0x2a5cff0) of type: BasicImage
13/10/2017 17:35:47 (Std) 	[ImageManager] Created image: 'TaharezLook/GenericBrush' (0x2a5ce60) of type: BasicImage
13/10/2017 17:35:47 (Std) 	[ImageManager] Created image: 'TaharezLook/WindowLeftEdge' (0x2a5ddd0) of type: BasicImage
13/10/2017 17:35:47 (Std) 	[ImageManager] Created image: 'TaharezLook/WindowRightEdge' (0x2a5e510) of type: BasicImage
13/10/2017 17:35:47 (Std) 	[ImageManager] Created image: 'TaharezLook/WindowTopEdge' (0x2a4f3c0) of type: BasicImage
13/10/2017 17:35:47 (Std) 	[ImageManager] Created image: 'TaharezLook/WindowBottomEdge' (0x2a4f5d0) of type: BasicImage
13/10/2017 17:35:47 (Std) 	[ImageManager] Created image: 'TaharezLook/WindowTopLeft' (0x2a5c500) of type: BasicImage
13/10/2017 17:35:47 (Std) 	[ImageManager] Created image: 'TaharezLook/WindowTopRight' (0x2a5dc40) of type: BasicImage
13/10/2017 17:35:47 (Std) 	[ImageManager] Created image: 'TaharezLook/WindowBottomLeft' (0x2a4a8a0) of type: BasicImage
13/10/2017 17:35:47 (Std) 	[ImageManager] Created image: 'TaharezLook/WindowBottomRight' (0x2a4aab0) of type: BasicImage
13/10/2017 17:35:47 (Std) 	[ImageManager] Created image: 'TaharezLook/ButtonLeftNormal' (0x2a4acc0) of type: BasicImage
13/10/2017 17:35:47 (Std) 	[ImageManager] Created image: 'TaharezLook/ButtonMiddleNormal' (0x2a4aed0) of type: BasicImage
13/10/2017 17:35:47 (Std) 	[ImageManager] Created image: 'TaharezLook/ButtonRightNormal' (0x2a4b0e0) of type: BasicImage
13/10/2017 17:35:47 (Std) 	[ImageManager] Created image: 'TaharezLook/ButtonLeftPushed' (0x2a4b2f0) of type: BasicImage
13/10/2017 17:35:47 (Std) 	[ImageManager] Created image: 'TaharezLook/ButtonMiddlePushed' (0x2a4b500) of type: BasicImage
13/10/2017 17:35:47 (Std) 	[ImageManager] Created image: 'TaharezLook/ButtonRightPushed' (0x2a4b710) of type: BasicImage
13/10/2017 17:35:47 (Std) 	[ImageManager] Created image: 'TaharezLook/ButtonLeftHighlight' (0x2a4b920) of type: BasicImage
13/10/2017 17:35:47 (Std) 	[ImageManager] Created image: 'TaharezLook/ButtonMiddleHighlight' (0x2a4bcc0) of type: BasicImage
13/10/2017 17:35:47 (Std) 	[ImageManager] Created image: 'TaharezLook/ButtonRightHighlight' (0x2a4bff0) of type: BasicImage
13/10/2017 17:35:47 (Std) 	[ImageManager] Created image: 'TaharezLook/CheckboxNormal' (0x2a4fb00) of type: BasicImage
13/10/2017 17:35:47 (Std) 	[ImageManager] Created image: 'TaharezLook/CheckboxHover' (0x2a4c3b0) of type: BasicImage
13/10/2017 17:35:47 (Std) 	[ImageManager] Created image: 'TaharezLook/CheckboxMark' (0x2a4c5c0) of type: BasicImage
13/10/2017 17:35:47 (Std) 	[ImageManager] Created image: 'TaharezLook/RadioButtonNormal' (0x2a4c7d0) of type: BasicImage
13/10/2017 17:35:47 (Std) 	[ImageManager] Created image: 'TaharezLook/RadioButtonHover' (0x2a4c9e0) of type: BasicImage
13/10/2017 17:35:47 (Std) 	[ImageManager] Created image: 'TaharezLook/RadioButtonMark' (0x2a4cbf0) of type: BasicImage
13/10/2017 17:35:47 (Std) 	[ImageManager] Created image: 'TaharezLook/TitlebarLeft' (0x2a4ce00) of type: BasicImage
13/10/2017 17:35:47 (Std) 	[ImageManager] Created image: 'TaharezLook/TitlebarMiddle' (0x2a4d010) of type: BasicImage
13/10/2017 17:35:47 (Std) 	[ImageManager] Created image: 'TaharezLook/TitlebarRight' (0x2a4d220) of type: BasicImage
13/10/2017 17:35:47 (Std) 	[ImageManager] Created image: 'TaharezLook/NewTitlebarLeft' (0x2a4d430) of type: BasicImage
13/10/2017 17:35:47 (Std) 	[ImageManager] Created image: 'TaharezLook/NewTitlebarMiddle' (0x2a4d640) of type: BasicImage
13/10/2017 17:35:47 (Std) 	[ImageManager] Created image: 'TaharezLook/NewTitlebarRight' (0x2a4d850) of type: BasicImage
13/10/2017 17:35:47 (Std) 	[ImageManager] Created image: 'TaharezLook/SysAreaMiddle' (0x2a4da60) of type: BasicImage
13/10/2017 17:35:47 (Std) 	[ImageManager] Created image: 'TaharezLook/SysAreaRight' (0x2a4dc70) of type: BasicImage
13/10/2017 17:35:47 (Std) 	[ImageManager] Created image: 'TaharezLook/StaticLeft' (0x2a5d920) of type: BasicImage
13/10/2017 17:35:47 (Std) 	[ImageManager] Created image: 'TaharezLook/StaticRight' (0x2a51830) of type: BasicImage
13/10/2017 17:35:47 (Std) 	[ImageManager] Created image: 'TaharezLook/StaticTop' (0x2a51a40) of type: BasicImage
13/10/2017 17:35:47 (Std) 	[ImageManager] Created image: 'TaharezLook/StaticBottom' (0x2a51c50) of type: BasicImage
13/10/2017 17:35:47 (Std) 	[ImageManager] Created image: 'TaharezLook/StaticTopLeft' (0x2a51e60) of type: BasicImage
13/10/2017 17:35:47 (Std) 	[ImageManager] Created image: 'TaharezLook/StaticTopRight' (0x2a52070) of type: BasicImage
13/10/2017 17:35:47 (Std) 	[ImageManager] Created image: 'TaharezLook/StaticBottomLeft' (0x2a52280) of type: BasicImage
13/10/2017 17:35:47 (Std) 	[ImageManager] Created image: 'TaharezLook/StaticBottomRight' (0x2a52490) of type: BasicImage
13/10/2017 17:35:47 (Std) 	[ImageManager] Created image: 'TaharezLook/StaticBackdrop' (0x2a526a0) of type: BasicImage
13/10/2017 17:35:47 (Std) 	[ImageManager] Created image: 'TaharezLook/ProgressBarLeft' (0x2a528b0) of type: BasicImage
13/10/2017 17:35:47 (Std) 	[ImageManager] Created image: 'TaharezLook/ProgressBarMiddle' (0x2a52ac0) of type: BasicImage
13/10/2017 17:35:47 (Std) 	[ImageManager] Created image: 'TaharezLook/ProgressBarRight' (0x2a52cd0) of type: BasicImage
13/10/2017 17:35:47 (Std) 	[ImageManager] Created image: 'TaharezLook/ProgressBarDimSegment' (0x2a52ee0) of type: BasicImage
13/10/2017 17:35:47 (Std) 	[ImageManager] Created image: 'TaharezLook/ProgressBarLitSegment' (0x2a532a0) of type: BasicImage
13/10/2017 17:35:47 (Std) 	[ImageManager] Created image: 'TaharezLook/EditBoxLeft' (0x2a535d0) of type: BasicImage
13/10/2017 17:35:47 (Std) 	[ImageManager] Created image: 'TaharezLook/EditBoxMiddle' (0x2a537e0) of type: BasicImage
13/10/2017 17:35:47 (Std) 	[ImageManager] Created image: 'TaharezLook/EditBoxRight' (0x2a539f0) of type: BasicImage
13/10/2017 17:35:47 (Std) 	[ImageManager] Created image: 'TaharezLook/EditBoxCaret' (0x2a53c00) of type: BasicImage
13/10/2017 17:35:47 (Std) 	[ImageManager] Created image: 'TaharezLook/SpinnerUpNormal' (0x2a53e10) of type: BasicImage
13/10/2017 17:35:47 (Std) 	[ImageManager] Created image: 'TaharezLook/SpinnerDownNormal' (0x2a54020) of type: BasicImage
13/10/2017 17:35:47 (Std) 	[ImageManager] Created image: 'TaharezLook/SpinnerUpHover' (0x2a54230) of type: BasicImage
13/10/2017 17:35:47 (Std) 	[ImageManager] Created image: 'TaharezLook/SpinnerDownHover' (0x2a54440) of type: BasicImage
13/10/2017 17:35:47 (Std) 	[ImageManager] Created image: 'TaharezLook/TextSelectionBrush' (0x2a54650) of type: BasicImage
13/10/2017 17:35:47 (Std) 	[ImageManager] Created image: 'TaharezLook/VertScrollTop' (0x2a54860) of type: BasicImage
13/10/2017 17:35:47 (Std) 	[ImageManager] Created image: 'TaharezLook/VertScrollMiddle' (0x2a54a70) of type: BasicImage
13/10/2017 17:35:47 (Std) 	[ImageManager] Created image: 'TaharezLook/VertScrollBottom' (0x2a54c80) of type: BasicImage
13/10/2017 17:35:47 (Std) 	[ImageManager] Created image: 'TaharezLook/VertScrollBarSegment' (0x2a54e90) of type: BasicImage
13/10/2017 17:35:47 (Std) 	[ImageManager] Created image: 'TaharezLook/VertScrollThumbNormal' (0x2a551c0) of type: BasicImage
13/10/2017 17:35:47 (Std) 	[ImageManager] Created image: 'TaharezLook/VertScrollThumbHover' (0x2a554f0) of type: BasicImage
13/10/2017 17:35:47 (Std) 	[ImageManager] Created image: 'TaharezLook/VertScrollUpNormal' (0x2a55820) of type: BasicImage
13/10/2017 17:35:47 (Std) 	[ImageManager] Created image: 'TaharezLook/VertScrollDownNormal' (0x2a55a30) of type: BasicImage
13/10/2017 17:35:47 (Std) 	[ImageManager] Created image: 'TaharezLook/VertScrollUpHover' (0x2a55d60) of type: BasicImage
13/10/2017 17:35:47 (Std) 	[ImageManager] Created image: 'TaharezLook/VertScrollDownHover' (0x2a55f70) of type: BasicImage
13/10/2017 17:35:47 (Std) 	[ImageManager] Created image: 'TaharezLook/MiniVertScrollBarSegment' (0x2a56180) of type: BasicImage
13/10/2017 17:35:47 (Std) 	[ImageManager] Created image: 'TaharezLook/MiniVertScrollThumbNormal' (0x2a56700) of type: BasicImage
13/10/2017 17:35:47 (Std) 	[ImageManager] Created image: 'TaharezLook/MiniVertScrollThumbTopNormal' (0x2a74480) of type: BasicImage
13/10/2017 17:35:47 (Std) 	[ImageManager] Created image: 'TaharezLook/MiniVertScrollThumbMiddleNormal' (0x2a748a0) of type: BasicImage
13/10/2017 17:35:47 (Std) 	[ImageManager] Created image: 'TaharezLook/MiniVertScrollThumbBottomNormal' (0x2a74cf0) of type: BasicImage
13/10/2017 17:35:47 (Std) 	[ImageManager] Created image: 'TaharezLook/MiniVertScrollThumbTopHover' (0x2a75140) of type: BasicImage
13/10/2017 17:35:47 (Std) 	[ImageManager] Created image: 'TaharezLook/MiniVertScrollThumbMiddleHover' (0x2a5e1f0) of type: BasicImage
13/10/2017 17:35:47 (Std) 	[ImageManager] Created image: 'TaharezLook/MiniVertScrollThumbBottomHover' (0x2a75710) of type: BasicImage
13/10/2017 17:35:47 (Std) 	[ImageManager] Created image: 'TaharezLook/MiniVertScrollThumbHover' (0x2a75b60) of type: BasicImage
13/10/2017 17:35:47 (Std) 	[ImageManager] Created image: 'TaharezLook/MiniVertScrollUpNormal' (0x2a75f50) of type: BasicImage
13/10/2017 17:35:47 (Std) 	[ImageManager] Created image: 'TaharezLook/MiniVertScrollDownNormal' (0x2a76340) of type: BasicImage
13/10/2017 17:35:47 (Std) 	[ImageManager] Created image: 'TaharezLook/MiniVertScrollUpHover' (0x2a76690) of type: BasicImage
13/10/2017 17:35:47 (Std) 	[ImageManager] Created image: 'TaharezLook/MiniVertScrollDownHover' (0x2a769c0) of type: BasicImage
13/10/2017 17:35:47 (Std) 	[ImageManager] Created image: 'TaharezLook/VertSliderBody' (0x2a76d10) of type: BasicImage
13/10/2017 17:35:47 (Std) 	[ImageManager] Created image: 'TaharezLook/VertSliderThumbNormal' (0x2a76f20) of type: BasicImage
13/10/2017 17:35:47 (Std) 	[ImageManager] Created image: 'TaharezLook/VertSliderThumbHover' (0x2a77250) of type: BasicImage
13/10/2017 17:35:47 (Std) 	[ImageManager] Created image: 'TaharezLook/MiniHorzScrollBarSegment' (0x2a77580) of type: BasicImage
13/10/2017 17:35:47 (Std) 	[ImageManager] Created image: 'TaharezLook/MiniHorzScrollThumbNormal' (0x2a778d0) of type: BasicImage
13/10/2017 17:35:47 (Std) 	[ImageManager] Created image: 'TaharezLook/MiniHorzScrollThumbLeftNormal' (0x2a77c20) of type: BasicImage
13/10/2017 17:35:47 (Std) 	[ImageManager] Created image: 'TaharezLook/MiniHorzScrollThumbMiddleNormal' (0x2a78040) of type: BasicImage
13/10/2017 17:35:47 (Std) 	[ImageManager] Created image: 'TaharezLook/MiniHorzScrollThumbRightNormal' (0x2a783d0) of type: BasicImage
13/10/2017 17:35:47 (Std) 	[ImageManager] Created image: 'TaharezLook/MiniHorzScrollThumbHover' (0x2a78760) of type: BasicImage
13/10/2017 17:35:47 (Std) 	[ImageManager] Created image: 'TaharezLook/MiniHorzScrollThumbLeftHover' (0x2a78ab0) of type: BasicImage
13/10/2017 17:35:47 (Std) 	[ImageManager] Created image: 'TaharezLook/MiniHorzScrollThumbMiddleHover' (0x2a78e20) of type: BasicImage
13/10/2017 17:35:47 (Std) 	[ImageManager] Created image: 'TaharezLook/MiniHorzScrollThumbRightHover' (0x2a791b0) of type: BasicImage
13/10/2017 17:35:47 (Std) 	[ImageManager] Created image: 'TaharezLook/MiniHorzScrollLeftNormal' (0x2a79520) of type: BasicImage
13/10/2017 17:35:47 (Std) 	[ImageManager] Created image: 'TaharezLook/MiniHorzScrollRightNormal' (0x2a79870) of type: BasicImage
13/10/2017 17:35:47 (Std) 	[ImageManager] Created image: 'TaharezLook/MiniHorzScrollLeftHover' (0x2a79bc0) of type: BasicImage
13/10/2017 17:35:47 (Std) 	[ImageManager] Created image: 'TaharezLook/MiniHorzScrollRightHover' (0x2a79f10) of type: BasicImage
13/10/2017 17:35:47 (Std) 	[ImageManager] Created image: 'TaharezLook/ListboxLeft' (0x2a7a260) of type: BasicImage
13/10/2017 17:35:47 (Std) 	[ImageManager] Created image: 'TaharezLook/ListboxRight' (0x2a7a470) of type: BasicImage
13/10/2017 17:35:47 (Std) 	[ImageManager] Created image: 'TaharezLook/ListboxTop' (0x2a7a680) of type: BasicImage
13/10/2017 17:35:47 (Std) 	[ImageManager] Created image: 'TaharezLook/ListboxBottom' (0x2a7a890) of type: BasicImage
13/10/2017 17:35:47 (Std) 	[ImageManager] Created image: 'TaharezLook/ListboxTopLeft' (0x2a7aaa0) of type: BasicImage
13/10/2017 17:35:47 (Std) 	[ImageManager] Created image: 'TaharezLook/ListboxTopRight' (0x2a7acb0) of type: BasicImage
13/10/2017 17:35:47 (Std) 	[ImageManager] Created image: 'TaharezLook/ListboxBottomLeft' (0x2a7aec0) of type: BasicImage
13/10/2017 17:35:47 (Std) 	[ImageManager] Created image: 'TaharezLook/ListboxBottomRight' (0x2a7b0d0) of type: BasicImage
13/10/2017 17:35:47 (Std) 	[ImageManager] Created image: 'TaharezLook/ListboxBackdrop' (0x2a7b2e0) of type: BasicImage
13/10/2017 17:35:47 (Std) 	[ImageManager] Created image: 'TaharezLook/ListboxSelectionBrush' (0x2a7b4f0) of type: BasicImage
13/10/2017 17:35:47 (Std) 	[ImageManager] Created image: 'TaharezLook/ComboboxEditLeft' (0x2a7b820) of type: BasicImage
13/10/2017 17:35:47 (Std) 	[ImageManager] Created image: 'TaharezLook/ComboboxEditMiddle' (0x2a7ba30) of type: BasicImage
13/10/2017 17:35:47 (Std) 	[ImageManager] Created image: 'TaharezLook/ComboboxListButtonNormal' (0x2a7bc40) of type: BasicImage
13/10/2017 17:35:47 (Std) 	[ImageManager] Created image: 'TaharezLook/ComboboxListButtonHover' (0x2a7bf90) of type: BasicImage
13/10/2017 17:35:47 (Std) 	[ImageManager] Created image: 'TaharezLook/ComboboxListLeft' (0x2a7c2e0) of type: BasicImage
13/10/2017 17:35:47 (Std) 	[ImageManager] Created image: 'TaharezLook/ComboboxListRight' (0x2a7c4f0) of type: BasicImage
13/10/2017 17:35:47 (Std) 	[ImageManager] Created image: 'TaharezLook/ComboboxListTop' (0x2a7c700) of type: BasicImage
13/10/2017 17:35:47 (Std) 	[ImageManager] Created image: 'TaharezLook/ComboboxListBottom' (0x2a7c910) of type: BasicImage
13/10/2017 17:35:47 (Std) 	[ImageManager] Created image: 'TaharezLook/ComboboxListTopLeft' (0x2a7cb20) of type: BasicImage
13/10/2017 17:35:47 (Std) 	[ImageManager] Created image: 'TaharezLook/ComboboxListTopRight' (0x2a7cd30) of type: BasicImage
13/10/2017 17:35:47 (Std) 	[ImageManager] Created image: 'TaharezLook/ComboboxListBottomLeft' (0x2a7d060) of type: BasicImage
13/10/2017 17:35:47 (Std) 	[ImageManager] Created image: 'TaharezLook/ComboboxListBottomRight' (0x2a7d3b0) of type: BasicImage
13/10/2017 17:35:47 (Std) 	[ImageManager] Created image: 'TaharezLook/ComboboxListBackdrop' (0x2a7d700) of type: BasicImage
13/10/2017 17:35:47 (Std) 	[ImageManager] Created image: 'TaharezLook/ComboboxSelectionBrush' (0x2a7da30) of type: BasicImage
13/10/2017 17:35:47 (Std) 	[ImageManager] Created image: 'TaharezLook/ComboboxDividerLeft' (0x2a7dd80) of type: BasicImage
13/10/2017 17:35:47 (Std) 	[ImageManager] Created image: 'TaharezLook/ComboboxDividerMiddle' (0x2a7df90) of type: BasicImage
13/10/2017 17:35:47 (Std) 	[ImageManager] Created image: 'TaharezLook/ComboboxDividerRight' (0x2a7e2c0) of type: BasicImage
13/10/2017 17:35:47 (Std) 	[ImageManager] Created image: 'TaharezLook/HeaderBarBackdropNormal' (0x2a7e5f0) of type: BasicImage
13/10/2017 17:35:47 (Std) 	[ImageManager] Created image: 'TaharezLook/HeaderBarBackdropHover' (0x2a7e940) of type: BasicImage
13/10/2017 17:35:47 (Std) 	[ImageManager] Created image: 'TaharezLook/HeaderBarSplitterNormal' (0x2a7ec90) of type: BasicImage
13/10/2017 17:35:47 (Std) 	[ImageManager] Created image: 'TaharezLook/HeaderBarSplitterHover' (0x2a7efe0) of type: BasicImage
13/10/2017 17:35:47 (Std) 	[ImageManager] Created image: 'TaharezLook/HeaderBarSortUp' (0x2a7f330) of type: BasicImage
13/10/2017 17:35:47 (Std) 	[ImageManager] Created image: 'TaharezLook/HeaderBarSortDown' (0x2a7f540) of type: BasicImage
13/10/2017 17:35:47 (Std) 	[ImageManager] Created image: 'TaharezLook/MultiListLeft' (0x2a7f750) of type: BasicImage
13/10/2017 17:35:47 (Std) 	[ImageManager] Created image: 'TaharezLook/MultiListRight' (0x2a7f960) of type: BasicImage
13/10/2017 17:35:47 (Std) 	[ImageManager] Created image: 'TaharezLook/MultiListTop' (0x2a7fb70) of type: BasicImage
13/10/2017 17:35:47 (Std) 	[ImageManager] Created image: 'TaharezLook/MultiListBottom' (0x2a7fd80) of type: BasicImage
13/10/2017 17:35:47 (Std) 	[ImageManager] Created image: 'TaharezLook/MultiListTopLeft' (0x2a7ff90) of type: BasicImage
13/10/2017 17:35:47 (Std) 	[ImageManager] Created image: 'TaharezLook/MultiListTopRight' (0x2a801a0) of type: BasicImage
13/10/2017 17:35:47 (Std) 	[ImageManager] Created image: 'TaharezLook/MultiListBottomLeft' (0x2a803b0) of type: BasicImage
13/10/2017 17:35:47 (Std) 	[ImageManager] Created image: 'TaharezLook/MultiListBottomRight' (0x2a805c0) of type: BasicImage
13/10/2017 17:35:47 (Std) 	[ImageManager] Created image: 'TaharezLook/MultiListBackdrop' (0x2a5d800) of type: BasicImage
13/10/2017 17:35:47 (Std) 	[ImageManager] Created image: 'TaharezLook/MultiListSelectionBrush' (0x2a808f0) of type: BasicImage
13/10/2017 17:35:47 (Std) 	[ImageManager] Created image: 'TaharezLook/AltProgressLeft' (0x2a80ba0) of type: BasicImage
13/10/2017 17:35:47 (Std) 	[ImageManager] Created image: 'TaharezLook/AltProgressMiddle' (0x2a80db0) of type: BasicImage
13/10/2017 17:35:47 (Std) 	[ImageManager] Created image: 'TaharezLook/AltProgressRight' (0x2a81150) of type: BasicImage
13/10/2017 17:35:47 (Std) 	[ImageManager] Created image: 'TaharezLook/AltProgressQuarter' (0x2b012a0) of type: BasicImage
13/10/2017 17:35:47 (Std) 	[ImageManager] Created image: 'TaharezLook/AltProgressHalf' (0x2b013c0) of type: BasicImage
13/10/2017 17:35:47 (Std) 	[ImageManager] Created image: 'TaharezLook/AltProgressLight1' (0x2b015d0) of type: BasicImage
13/10/2017 17:35:47 (Std) 	[ImageManager] Created image: 'TaharezLook/AltProgressLight2' (0x2b017e0) of type: BasicImage
13/10/2017 17:35:47 (Std) 	[ImageManager] Created image: 'TaharezLook/AltProgressLight3' (0x2b019f0) of type: BasicImage
13/10/2017 17:35:47 (Std) 	[ImageManager] Created image: 'TaharezLook/AltProgressLight4' (0x2b01c00) of type: BasicImage
13/10/2017 17:35:47 (Std) 	[ImageManager] Created image: 'TaharezLook/AltProgressLight5' (0x2b01e10) of type: BasicImage
13/10/2017 17:35:47 (Std) 	[ImageManager] Created image: 'TaharezLook/AltProgressLight6' (0x2b02020) of type: BasicImage
13/10/2017 17:35:47 (Std) 	[ImageManager] Created image: 'TaharezLook/AltProgressLight7' (0x2b02230) of type: BasicImage
13/10/2017 17:35:47 (Std) 	[ImageManager] Created image: 'TaharezLook/AltProgressLight8' (0x2b02440) of type: BasicImage
13/10/2017 17:35:47 (Std) 	[ImageManager] Created image: 'TaharezLook/AltProgressLight9' (0x2b02650) of type: BasicImage
13/10/2017 17:35:47 (Std) 	[ImageManager] Created image: 'TaharezLook/AltProgressLight10' (0x2b02860) of type: BasicImage
13/10/2017 17:35:47 (Std) 	[ImageManager] Created image: 'TaharezLook/CloseButtonNormal' (0x2b02a70) of type: BasicImage
13/10/2017 17:35:47 (Std) 	[ImageManager] Created image: 'TaharezLook/CloseButtonHover' (0x2b02c80) of type: BasicImage
13/10/2017 17:35:47 (Std) 	[ImageManager] Created image: 'TaharezLook/CloseButtonPressed' (0x2b02e90) of type: BasicImage
13/10/2017 17:35:47 (Std) 	[ImageManager] Created image: 'TaharezLook/NewCloseButtonNormal' (0x2b030a0) of type: BasicImage
13/10/2017 17:35:47 (Std) 	[ImageManager] Created image: 'TaharezLook/NewCloseButtonHover' (0x2b032b0) of type: BasicImage
13/10/2017 17:35:47 (Std) 	[ImageManager] Created image: 'TaharezLook/NewCloseButtonPressed' (0x2b034c0) of type: BasicImage
13/10/2017 17:35:47 (Std) 	[ImageManager] Created image: 'TaharezLook/MultiLineEditboxLeft' (0x2b036d0) of type: BasicImage
13/10/2017 17:35:47 (Std) 	[ImageManager] Created image: 'TaharezLook/MultiLineEditboxRight' (0x2b038e0) of type: BasicImage
13/10/2017 17:35:47 (Std) 	[ImageManager] Created image: 'TaharezLook/MultiLineEditboxTop' (0x2b03af0) of type: BasicImage
13/10/2017 17:35:47 (Std) 	[ImageManager] Created image: 'TaharezLook/MultiLineEditboxBottom' (0x2b03d00) of type: BasicImage
13/10/2017 17:35:47 (Std) 	[ImageManager] Created image: 'TaharezLook/MultiLineEditboxTopLeft' (0x2b040f0) of type: BasicImage
13/10/2017 17:35:47 (Std) 	[ImageManager] Created image: 'TaharezLook/MultiLineEditboxTopRight' (0x2b04440) of type: BasicImage
13/10/2017 17:35:47 (Std) 	[ImageManager] Created image: 'TaharezLook/MultiLineEditboxBottomLeft' (0x2b04ab0) of type: BasicImage
13/10/2017 17:35:47 (Std) 	[ImageManager] Created image: 'TaharezLook/MultiLineEditboxBottomRight' (0x2b04d70) of type: BasicImage
13/10/2017 17:35:47 (Std) 	[ImageManager] Created image: 'TaharezLook/MultiLineEditboxBackdrop' (0x2b050e0) of type: BasicImage
13/10/2017 17:35:47 (Std) 	[ImageManager] Created image: 'TaharezLook/MultiLineEditboxSelectionBrush' (0x2b05610) of type: BasicImage
13/10/2017 17:35:47 (Std) 	[ImageManager] Created image: 'TaharezLook/MouseTarget' (0x2b05d90) of type: BasicImage
13/10/2017 17:35:47 (Std) 	[ImageManager] Created image: 'TaharezLook/MouseArrow' (0x2a4f970) of type: BasicImage
13/10/2017 17:35:47 (Std) 	[ImageManager] Created image: 'TaharezLook/MouseMoveCursor' (0x2b062c0) of type: BasicImage
13/10/2017 17:35:47 (Std) 	[ImageManager] Created image: 'TaharezLook/MouseNoSoCursor' (0x2b064d0) of type: BasicImage
13/10/2017 17:35:47 (Std) 	[ImageManager] Created image: 'TaharezLook/MouseEsWeCursor' (0x2b066e0) of type: BasicImage
13/10/2017 17:35:47 (Std) 	[ImageManager] Created image: 'TaharezLook/MouseNeSwCursor' (0x2b068f0) of type: BasicImage
13/10/2017 17:35:47 (Std) 	[ImageManager] Created image: 'TaharezLook/MouseNwSeCursor' (0x2b06b00) of type: BasicImage
13/10/2017 17:35:47 (Std) 	[ImageManager] Created image: 'TaharezLook/MouseTextBar' (0x2b06d10) of type: BasicImage
13/10/2017 17:35:47 (Std) 	[ImageManager] Created image: 'TaharezLook/TabHorizontalFiller' (0x2b05fa0) of type: BasicImage
13/10/2017 17:35:47 (Std) 	[ImageManager] Created image: 'TaharezLook/TabContentPaneUpperLeft' (0x2b059d0) of type: BasicImage
13/10/2017 17:35:47 (Std) 	[ImageManager] Created image: 'TaharezLook/TabContentPaneUpper' (0x2b06f20) of type: BasicImage
13/10/2017 17:35:47 (Std) 	[ImageManager] Created image: 'TaharezLook/TabContentPaneUpperRight' (0x2b07040) of type: BasicImage
13/10/2017 17:35:47 (Std) 	[ImageManager] Created image: 'TaharezLook/TabContentPaneLeft' (0x2b07250) of type: BasicImage
13/10/2017 17:35:47 (Std) 	[ImageManager] Created image: 'TaharezLook/TabContentPaneRight' (0x2b07460) of type: BasicImage
13/10/2017 17:35:47 (Std) 	[ImageManager] Created image: 'TaharezLook/TabContentPaneLower' (0x2b07670) of type: BasicImage
13/10/2017 17:35:47 (Std) 	[ImageManager] Created image: 'TaharezLook/TabContentPaneLowerLeft' (0x2b07880) of type: BasicImage
13/10/2017 17:35:47 (Std) 	[ImageManager] Created image: 'TaharezLook/TabContentPaneLowerRight' (0x2b07bd0) of type: BasicImage
13/10/2017 17:35:47 (Std) 	[ImageManager] Created image: 'TaharezLook/TabContentPaneMiddle' (0x2b07f20) of type: BasicImage
13/10/2017 17:35:47 (Std) 	[ImageManager] Created image: 'TaharezLook/TabButtonScrollLeftNormal' (0x2b082c0) of type: BasicImage
13/10/2017 17:35:47 (Std) 	[ImageManager] Created image: 'TaharezLook/TabButtonScrollRightNormal' (0x2b087a0) of type: BasicImage
13/10/2017 17:35:47 (Std) 	[ImageManager] Created image: 'TaharezLook/TabButtonScrollLeftHover' (0x2b05480) of type: BasicImage
13/10/2017 17:35:47 (Std) 	[ImageManager] Created image: 'TaharezLook/TabButtonScrollRightHover' (0x2b08d50) of type: BasicImage
13/10/2017 17:35:47 (Std) 	[ImageManager] Created image: 'TaharezLook/TabButtonLeftNormal' (0x2b090a0) of type: BasicImage
13/10/2017 17:35:47 (Std) 	[ImageManager] Created image: 'TaharezLook/TabButtonRightNormal' (0x2b092b0) of type: BasicImage
13/10/2017 17:35:47 (Std) 	[ImageManager] Created image: 'TaharezLook/TabButtonUpperNormal' (0x2b094c0) of type: BasicImage
13/10/2017 17:35:47 (Std) 	[ImageManager] Created image: 'TaharezLook/TabButtonLowerNormal' (0x2b097f0) of type: BasicImage
13/10/2017 17:35:47 (Std) 	[ImageManager] Created image: 'TaharezLook/TabButtonUpperLeftNormal' (0x2b09cb0) of type: BasicImage
13/10/2017 17:35:47 (Std) 	[ImageManager] Created image: 'TaharezLook/TabButtonUpperLeft2Normal' (0x2b0a0a0) of type: BasicImage
13/10/2017 17:35:47 (Std) 	[ImageManager] Created image: 'TaharezLook/TabButtonUpperRightNormal' (0x2b0a3f0) of type: BasicImage
13/10/2017 17:35:47 (Std) 	[ImageManager] Created image: 'TaharezLook/TabButtonLowerLeftNormal' (0x2b0a740) of type: BasicImage
13/10/2017 17:35:47 (Std) 	[ImageManager] Created image: 'TaharezLook/TabButtonLowerRightNormal' (0x2b0aa90) of type: BasicImage
13/10/2017 17:35:47 (Std) 	[ImageManager] Created image: 'TaharezLook/TabButtonLowerRight2Normal' (0x2b0af70) of type: BasicImage
13/10/2017 17:35:47 (Std) 	[ImageManager] Created image: 'TaharezLook/TabButtonMiddleNormal' (0x2a5d390) of type: BasicImage
13/10/2017 17:35:47 (Std) 	[ImageManager] Created image: 'TaharezLook/TabButtonLeftSelected' (0x2b0b480) of type: BasicImage
13/10/2017 17:35:47 (Std) 	[ImageManager] Created image: 'TaharezLook/TabButtonRightSelected' (0x2b0b690) of type: BasicImage
13/10/2017 17:35:47 (Std) 	[ImageManager] Created image: 'TaharezLook/TabButtonUpperSelected' (0x2b0ba80) of type: BasicImage
13/10/2017 17:35:47 (Std) 	[ImageManager] Created image: 'TaharezLook/TabButtonLowerSelected' (0x2b0bdd0) of type: BasicImage
13/10/2017 17:35:47 (Std) 	[ImageManager] Created image: 'TaharezLook/TabButtonUpperLeftSelected' (0x2b0c2b0) of type: BasicImage
13/10/2017 17:35:47 (Std) 	[ImageManager] Created image: 'TaharezLook/TabButtonUpperRightSelected' (0x2b0c6d0) of type: BasicImage
13/10/2017 17:35:47 (Std) 	[ImageManager] Created image: 'TaharezLook/TabButtonLowerLeftSelected' (0x2b0ca40) of type: BasicImage
13/10/2017 17:35:47 (Std) 	[ImageManager] Created image: 'TaharezLook/TabButtonLowerRightSelected' (0x2b0cdb0) of type: BasicImage
13/10/2017 17:35:47 (Std) 	[ImageManager] Created image: 'TaharezLook/TabButtonMiddleSelected' (0x2b0d120) of type: BasicImage
13/10/2017 17:35:47 (Std) 	[ImageManager] Created image: 'TaharezLook/TooltipTopLeft' (0x2b0d330) of type: BasicImage
13/10/2017 17:35:47 (Std) 	[ImageManager] Created image: 'TaharezLook/TooltipTopRight' (0x2b0d540) of type: BasicImage
13/10/2017 17:35:47 (Std) 	[ImageManager] Created image: 'TaharezLook/TooltipBottomLeft' (0x2b0d750) of type: BasicImage
13/10/2017 17:35:47 (Std) 	[ImageManager] Created image: 'TaharezLook/TooltipBottomRight' (0x2b0d960) of type: BasicImage
13/10/2017 17:35:47 (Std) 	[ImageManager] Created image: 'TaharezLook/TooltipLeftEdge' (0x2b0db70) of type: BasicImage
13/10/2017 17:35:47 (Std) 	[ImageManager] Created image: 'TaharezLook/TooltipRightEdge' (0x2b0dd80) of type: BasicImage
13/10/2017 17:35:47 (Std) 	[ImageManager] Created image: 'TaharezLook/TooltipTopEdge' (0x2b0df90) of type: BasicImage
13/10/2017 17:35:47 (Std) 	[ImageManager] Created image: 'TaharezLook/TooltipBottomEdge' (0x2b0e1a0) of type: BasicImage
13/10/2017 17:35:47 (Std) 	[ImageManager] Created image: 'TaharezLook/TooltipMiddle' (0x2b0e3b0) of type: BasicImage
13/10/2017 17:35:47 (Std) 	[ImageManager] Created image: 'TaharezLook/MenuTopLeft' (0x2b0e5c0) of type: BasicImage
13/10/2017 17:35:47 (Std) 	[ImageManager] Created image: 'TaharezLook/MenuTopRight' (0x2b0e7d0) of type: BasicImage
13/10/2017 17:35:47 (Std) 	[ImageManager] Created image: 'TaharezLook/MenuBottomLeft' (0x2b0e9e0) of type: BasicImage
13/10/2017 17:35:47 (Std) 	[ImageManager] Created image: 'TaharezLook/MenuBottomRight' (0x2b0ebf0) of type: BasicImage
13/10/2017 17:35:47 (Std) 	[ImageManager] Created image: 'TaharezLook/MenuLeft' (0x2b0ee00) of type: BasicImage
13/10/2017 17:35:47 (Std) 	[ImageManager] Created image: 'TaharezLook/MenuRight' (0x2b0f010) of type: BasicImage
13/10/2017 17:35:47 (Std) 	[ImageManager] Created image: 'TaharezLook/MenuTop' (0x2b0f220) of type: BasicImage
13/10/2017 17:35:47 (Std) 	[ImageManager] Created image: 'TaharezLook/MenuBottom' (0x2b0f430) of type: BasicImage
13/10/2017 17:35:47 (Std) 	[ImageManager] Created image: 'TaharezLook/MenuMiddle' (0x2b0f640) of type: BasicImage
13/10/2017 17:35:47 (Std) 	[ImageManager] Created image: 'TaharezLook/PopupMenuFrameTopLeft' (0x2b0f850) of type: BasicImage
13/10/2017 17:35:47 (Std) 	[ImageManager] Created image: 'TaharezLook/PopupMenuFrameTopRight' (0x2b0fa60) of type: BasicImage
13/10/2017 17:35:47 (Std) 	[ImageManager] Created image: 'TaharezLook/PopupMenuFrameBottomLeft' (0x2b0fe50) of type: BasicImage
13/10/2017 17:35:47 (Std) 	[ImageManager] Created image: 'TaharezLook/PopupMenuFrameBottomRight' (0x2b101a0) of type: BasicImage
13/10/2017 17:35:47 (Std) 	[ImageManager] Created image: 'TaharezLook/PopupMenuFrameLeft' (0x2b104f0) of type: BasicImage
13/10/2017 17:35:47 (Std) 	[ImageManager] Created image: 'TaharezLook/PopupMenuFrameRight' (0x2b10700) of type: BasicImage
13/10/2017 17:35:47 (Std) 	[ImageManager] Created image: 'TaharezLook/PopupMenuFrameTop' (0x2b10910) of type: BasicImage
13/10/2017 17:35:47 (Std) 	[ImageManager] Created image: 'TaharezLook/PopupMenuFrameBottom' (0x2b10b20) of type: BasicImage
13/10/2017 17:35:47 (Std) 	[ImageManager] Created image: 'TaharezLook/PopupMenuMiddle' (0x2b10d30) of type: BasicImage
13/10/2017 17:35:47 (Std) 	[ImageManager] Created image: 'TaharezLook/PopupMenuArrowRight' (0x2b10f40) of type: BasicImage
13/10/2017 17:35:47 (Std) 	[ImageManager] Created image: 'TaharezLook/PopupMenuArrowLeft' (0x2b11150) of type: BasicImage
13/10/2017 17:35:47 (Std) 	[ImageManager] Created image: 'TaharezLook/TreeListClosed' (0x2b11360) of type: BasicImage
13/10/2017 17:35:47 (Std) 	[ImageManager] Created image: 'TaharezLook/TreeListOpened' (0x2b11570) of type: BasicImage
13/10/2017 17:35:47 (Std) 	===== Falagard 'root' element: look and feel parsing begins =====
13/10/2017 17:35:47 (Std) 	===== Look and feel parsing completed =====
13/10/2017 17:35:47 (Std) 	No window renderer factories specified for module 'CEGUICoreWindowRendererSet' - adding all available factories...
13/10/2017 17:35:47 (Std) 	Created WindowRendererFactory for 'Core/Button' WindowRenderers.
13/10/2017 17:35:47 (Std) 	WindowRendererFactory 'Core/Button' added. (0x2d79e10)
13/10/2017 17:35:47 (Std) 	Created WindowRendererFactory for 'Core/Default' WindowRenderers.
13/10/2017 17:35:47 (Std) 	WindowRendererFactory 'Core/Default' added. (0x2d76d40)
13/10/2017 17:35:47 (Std) 	Created WindowRendererFactory for 'Core/Editbox' WindowRenderers.
13/10/2017 17:35:47 (Std) 	WindowRendererFactory 'Core/Editbox' added. (0x2a50fc0)
13/10/2017 17:35:47 (Std) 	Created WindowRendererFactory for 'Core/FrameWindow' WindowRenderers.
13/10/2017 17:35:47 (Std) 	WindowRendererFactory 'Core/FrameWindow' added. (0x2a51160)
13/10/2017 17:35:47 (Std) 	Created WindowRendererFactory for 'Core/ItemEntry' WindowRenderers.
13/10/2017 17:35:47 (Std) 	WindowRendererFactory 'Core/ItemEntry' added. (0x2d44750)
13/10/2017 17:35:47 (Std) 	Created WindowRendererFactory for 'Core/ListHeader' WindowRenderers.
13/10/2017 17:35:47 (Std) 	WindowRendererFactory 'Core/ListHeader' added. (0x2d448f0)
13/10/2017 17:35:47 (Std) 	Created WindowRendererFactory for 'Core/ListHeaderSegment' WindowRenderers.
13/10/2017 17:35:47 (Std) 	WindowRendererFactory 'Core/ListHeaderSegment' added. (0x2d44a90)
13/10/2017 17:35:47 (Std) 	Created WindowRendererFactory for 'Core/Listbox' WindowRenderers.
13/10/2017 17:35:47 (Std) 	WindowRendererFactory 'Core/Listbox' added. (0x2cc1a70)
13/10/2017 17:35:47 (Std) 	Created WindowRendererFactory for 'Core/Menubar' WindowRenderers.
13/10/2017 17:35:47 (Std) 	WindowRendererFactory 'Core/Menubar' added. (0x2cc1c10)
13/10/2017 17:35:47 (Std) 	Created WindowRendererFactory for 'Core/MenuItem' WindowRenderers.
13/10/2017 17:35:47 (Std) 	WindowRendererFactory 'Core/MenuItem' added. (0x2ba2050)
13/10/2017 17:35:47 (Std) 	Created WindowRendererFactory for 'Core/MultiColumnList' WindowRenderers.
13/10/2017 17:35:47 (Std) 	WindowRendererFactory 'Core/MultiColumnList' added. (0x2ba21f0)
13/10/2017 17:35:47 (Std) 	Created WindowRendererFactory for 'Core/MultiLineEditbox' WindowRenderers.
13/10/2017 17:35:47 (Std) 	WindowRendererFactory 'Core/MultiLineEditbox' added. (0x2ba2390)
13/10/2017 17:35:47 (Std) 	Created WindowRendererFactory for 'Core/PopupMenu' WindowRenderers.
13/10/2017 17:35:47 (Std) 	WindowRendererFactory 'Core/PopupMenu' added. (0x2d5b820)
13/10/2017 17:35:47 (Std) 	Created WindowRendererFactory for 'Core/ProgressBar' WindowRenderers.
13/10/2017 17:35:47 (Std) 	WindowRendererFactory 'Core/ProgressBar' added. (0x2d5b9c0)
13/10/2017 17:35:47 (Std) 	Created WindowRendererFactory for 'Core/ScrollablePane' WindowRenderers.
13/10/2017 17:35:47 (Std) 	WindowRendererFactory 'Core/ScrollablePane' added. (0x2d9df90)
13/10/2017 17:35:47 (Std) 	Created WindowRendererFactory for 'Core/Scrollbar' WindowRenderers.
13/10/2017 17:35:47 (Std) 	WindowRendererFactory 'Core/Scrollbar' added. (0x2d9e130)
13/10/2017 17:35:47 (Std) 	Created WindowRendererFactory for 'Core/Slider' WindowRenderers.
13/10/2017 17:35:47 (Std) 	WindowRendererFactory 'Core/Slider' added. (0x2d9e2d0)
13/10/2017 17:35:47 (Std) 	Created WindowRendererFactory for 'Core/Static' WindowRenderers.
13/10/2017 17:35:47 (Std) 	WindowRendererFactory 'Core/Static' added. (0x2d9e580)
13/10/2017 17:35:47 (Std) 	Created WindowRendererFactory for 'Core/StaticImage' WindowRenderers.
13/10/2017 17:35:47 (Std) 	WindowRendererFactory 'Core/StaticImage' added. (0x2a56820)
13/10/2017 17:35:47 (Std) 	Created WindowRendererFactory for 'Core/StaticText' WindowRenderers.
13/10/2017 17:35:47 (Std) 	WindowRendererFactory 'Core/StaticText' added. (0x2a569c0)
13/10/2017 17:35:47 (Std) 	Created WindowRendererFactory for 'Core/TabButton' WindowRenderers.
13/10/2017 17:35:47 (Std) 	WindowRendererFactory 'Core/TabButton' added. (0x2a56b60)
13/10/2017 17:35:47 (Std) 	Created WindowRendererFactory for 'Core/TabControl' WindowRenderers.
13/10/2017 17:35:47 (Std) 	WindowRendererFactory 'Core/TabControl' added. (0x2a56d00)
13/10/2017 17:35:47 (Std) 	Created WindowRendererFactory for 'Core/Titlebar' WindowRenderers.
13/10/2017 17:35:47 (Std) 	WindowRendererFactory 'Core/Titlebar' added. (0x2a56ea0)
13/10/2017 17:35:47 (Std) 	Created WindowRendererFactory for 'Core/ToggleButton' WindowRenderers.
13/10/2017 17:35:47 (Std) 	WindowRendererFactory 'Core/ToggleButton' added. (0x2d9ebb0)
13/10/2017 17:35:47 (Std) 	Created WindowRendererFactory for 'Core/Tooltip' WindowRenderers.
13/10/2017 17:35:47 (Std) 	WindowRendererFactory 'Core/Tooltip' added. (0x2d9ed50)
13/10/2017 17:35:47 (Std) 	Created WindowRendererFactory for 'Core/ItemListbox' WindowRenderers.
13/10/2017 17:35:47 (Std) 	WindowRendererFactory 'Core/ItemListbox' added. (0x2d9eef0)
13/10/2017 17:35:47 (Std) 	Created WindowRendererFactory for 'Core/Tree' WindowRenderers.
13/10/2017 17:35:47 (Std) 	WindowRendererFactory 'Core/Tree' added. (0x2d9f090)
13/10/2017 17:35:47 (Std) 	Creating falagard mapping for type 'TaharezLook/Label' using base type 'DefaultWindow', window renderer 'Core/Default' Look'N'Feel 'TaharezLook/Label' and RenderEffect ''. (0x7ffd5582fb80)
13/10/2017 17:35:47 (Std) 	Creating falagard mapping for type 'TaharezLook/Button' using base type 'CEGUI/PushButton', window renderer 'Core/Button' Look'N'Feel 'TaharezLook/Button' and RenderEffect ''. (0x7ffd5582fb80)
13/10/2017 17:35:47 (Std) 	Creating falagard mapping for type 'TaharezLook/Checkbox' using base type 'CEGUI/ToggleButton', window renderer 'Core/ToggleButton' Look'N'Feel 'TaharezLook/Checkbox' and RenderEffect ''. (0x7ffd5582fb80)
13/10/2017 17:35:47 (Std) 	Creating falagard mapping for type 'TaharezLook/ImageButton' using base type 'CEGUI/PushButton', window renderer 'Core/Button' Look'N'Feel 'TaharezLook/ImageButton' and RenderEffect ''. (0x7ffd5582fb80)
13/10/2017 17:35:47 (Std) 	Creating falagard mapping for type 'TaharezLook/RadioButton' using base type 'CEGUI/RadioButton', window renderer 'Core/ToggleButton' Look'N'Feel 'TaharezLook/RadioButton' and RenderEffect ''. (0x7ffd5582fb80)
13/10/2017 17:35:47 (Std) 	Creating falagard mapping for type 'TaharezLook/FrameWindow' using base type 'CEGUI/FrameWindow', window renderer 'Core/FrameWindow' Look'N'Feel 'TaharezLook/FrameWindow' and RenderEffect ''. (0x7ffd5582fb80)
13/10/2017 17:35:47 (Std) 	Creating falagard mapping for type 'TaharezLook/Titlebar' using base type 'CEGUI/Titlebar', window renderer 'Core/Titlebar' Look'N'Feel 'TaharezLook/Titlebar' and RenderEffect ''. (0x7ffd5582fb80)
13/10/2017 17:35:47 (Std) 	Creating falagard mapping for type 'TaharezLook/Editbox' using base type 'CEGUI/Editbox', window renderer 'Core/Editbox' Look'N'Feel 'TaharezLook/Editbox' and RenderEffect ''. (0x7ffd5582fb80)
13/10/2017 17:35:47 (Std) 	Creating falagard mapping for type 'TaharezLook/MultiLineEditbox' using base type 'CEGUI/MultiLineEditbox', window renderer 'Core/MultiLineEditbox' Look'N'Feel 'TaharezLook/MultiLineEditbox' and RenderEffect ''. (0x7ffd5582fb80)
13/10/2017 17:35:47 (Std) 	Creating falagard mapping for type 'TaharezLook/Menubar' using base type 'CEGUI/Menubar', window renderer 'Core/Menubar' Look'N'Feel 'TaharezLook/Menubar' and RenderEffect ''. (0x7ffd5582fb80)
13/10/2017 17:35:47 (Std) 	Creating falagard mapping for type 'TaharezLook/PopupMenu' using base type 'CEGUI/PopupMenu', window renderer 'Core/PopupMenu' Look'N'Feel 'TaharezLook/PopupMenu' and RenderEffect ''. (0x7ffd5582fb80)
13/10/2017 17:35:47 (Std) 	Creating falagard mapping for type 'TaharezLook/MenuItem' using base type 'CEGUI/MenuItem', window renderer 'Core/MenuItem' Look'N'Feel 'TaharezLook/MenuItem' and RenderEffect ''. (0x7ffd5582fb80)
13/10/2017 17:35:47 (Std) 	Creating falagard mapping for type 'TaharezLook/AlternateProgressBar' using base type 'CEGUI/ProgressBar', window renderer 'Core/ProgressBar' Look'N'Feel 'TaharezLook/AltProgressBar' and RenderEffect ''. (0x7ffd5582fb80)
13/10/2017 17:35:47 (Std) 	Creating falagard mapping for type 'TaharezLook/ProgressBar' using base type 'CEGUI/ProgressBar', window renderer 'Core/ProgressBar' Look'N'Feel 'TaharezLook/ProgressBar' and RenderEffect ''. (0x7ffd5582fb80)
13/10/2017 17:35:47 (Std) 	Creating falagard mapping for type 'TaharezLook/VUMeter' using base type 'CEGUI/ProgressBar', window renderer 'Core/ProgressBar' Look'N'Feel 'TaharezLook/VUMeter' and RenderEffect ''. (0x7ffd5582fb80)
13/10/2017 17:35:47 (Std) 	Creating falagard mapping for type 'TaharezLook/VerticalScrollbar' using base type 'CEGUI/Scrollbar', window renderer 'Core/Scrollbar' Look'N'Feel 'TaharezLook/VerticalScrollbar' and RenderEffect ''. (0x7ffd5582fb80)
13/10/2017 17:35:47 (Std) 	Creating falagard mapping for type 'TaharezLook/HorizontalScrollbar' using base type 'CEGUI/Scrollbar', window renderer 'Core/Scrollbar' Look'N'Feel 'TaharezLook/HorizontalScrollbar' and RenderEffect ''. (0x7ffd5582fb80)
13/10/2017 17:35:47 (Std) 	Creating falagard mapping for type 'TaharezLook/VerticalScrollbarThumb' using base type 'CEGUI/Thumb', window renderer 'Core/Button' Look'N'Feel 'TaharezLook/VerticalScrollbarThumb' and RenderEffect ''. (0x7ffd5582fb80)
13/10/2017 17:35:47 (Std) 	Creating falagard mapping for type 'TaharezLook/HorizontalScrollbarThumb' using base type 'CEGUI/Thumb', window renderer 'Core/Button' Look'N'Feel 'TaharezLook/HorizontalScrollbarThumb' and RenderEffect ''. (0x7ffd5582fb80)
13/10/2017 17:35:47 (Std) 	Creating falagard mapping for type 'TaharezLook/LargeVerticalScrollbar' using base type 'CEGUI/Scrollbar', window renderer 'Core/Scrollbar' Look'N'Feel 'TaharezLook/LargeVerticalScrollbar' and RenderEffect ''. (0x7ffd5582fb80)
13/10/2017 17:35:47 (Std) 	Creating falagard mapping for type 'TaharezLook/LargeVerticalScrollbarThumb' using base type 'CEGUI/Thumb', window renderer 'Core/Button' Look'N'Feel 'TaharezLook/LargeVerticalScrollbarThumb' and RenderEffect ''. (0x7ffd5582fb80)
13/10/2017 17:35:47 (Std) 	Creating falagard mapping for type 'TaharezLook/TabButton' using base type 'CEGUI/TabButton', window renderer 'Core/TabButton' Look'N'Feel 'TaharezLook/TabButton' and RenderEffect ''. (0x7ffd5582fb80)
13/10/2017 17:35:47 (Std) 	Creating falagard mapping for type 'TaharezLook/TabControl' using base type 'CEGUI/TabControl', window renderer 'Core/TabControl' Look'N'Feel 'TaharezLook/TabControl' and RenderEffect ''. (0x7ffd5582fb80)
13/10/2017 17:35:47 (Std) 	Creating falagard mapping for type 'TaharezLook/TabContentPane' using base type 'DefaultWindow', window renderer 'Core/Default' Look'N'Feel 'TaharezLook/TabContentPane' and RenderEffect ''. (0x7ffd5582fb80)
13/10/2017 17:35:47 (Std) 	Creating falagard mapping for type 'TaharezLook/TabButtonPane' using base type 'DefaultWindow', window renderer 'Core/Default' Look'N'Feel 'TaharezLook/TabButtonPane' and RenderEffect ''. (0x7ffd5582fb80)
13/10/2017 17:35:47 (Std) 	Creating falagard mapping for type 'TaharezLook/ComboDropList' using base type 'CEGUI/ComboDropList', window renderer 'Core/Listbox' Look'N'Feel 'TaharezLook/ComboDropList' and RenderEffect ''. (0x7ffd5582fb80)
13/10/2017 17:35:47 (Std) 	Creating falagard mapping for type 'TaharezLook/ComboEditbox' using base type 'CEGUI/Editbox', window renderer 'Core/Editbox' Look'N'Feel 'TaharezLook/ComboEditbox' and RenderEffect ''. (0x7ffd5582fb80)
13/10/2017 17:35:47 (Std) 	Creating falagard mapping for type 'TaharezLook/Combobox' using base type 'CEGUI/Combobox', window renderer 'Core/Default' Look'N'Feel 'TaharezLook/Combobox' and RenderEffect ''. (0x7ffd5582fb80)
13/10/2017 17:35:47 (Std) 	Creating falagard mapping for type 'TaharezLook/Listbox' using base type 'CEGUI/Listbox', window renderer 'Core/Listbox' Look'N'Feel 'TaharezLook/Listbox' and RenderEffect ''. (0x7ffd5582fb80)
13/10/2017 17:35:47 (Std) 	Creating falagard mapping for type 'TaharezLook/ListHeader' using base type 'CEGUI/ListHeader', window renderer 'Core/ListHeader' Look'N'Feel 'TaharezLook/ListHeader' and RenderEffect ''. (0x7ffd5582fb80)
13/10/2017 17:35:47 (Std) 	Creating falagard mapping for type 'TaharezLook/ListHeaderSegment' using base type 'CEGUI/ListHeaderSegment', window renderer 'Core/ListHeaderSegment' Look'N'Feel 'TaharezLook/ListHeaderSegment' and RenderEffect ''. (0x7ffd5582fb80)
13/10/2017 17:35:47 (Std) 	Creating falagard mapping for type 'TaharezLook/MultiColumnList' using base type 'CEGUI/MultiColumnList', window renderer 'Core/MultiColumnList' Look'N'Feel 'TaharezLook/MultiColumnList' and RenderEffect ''. (0x7ffd5582fb80)
13/10/2017 17:35:47 (Std) 	Creating falagard mapping for type 'TaharezLook/Slider' using base type 'CEGUI/Slider', window renderer 'Core/Slider' Look'N'Feel 'TaharezLook/Slider' and RenderEffect ''. (0x7ffd5582fb80)
13/10/2017 17:35:47 (Std) 	Creating falagard mapping for type 'TaharezLook/SliderThumb' using base type 'CEGUI/Thumb', window renderer 'Core/Button' Look'N'Feel 'TaharezLook/SliderThumb' and RenderEffect ''. (0x7ffd5582fb80)
13/10/2017 17:35:47 (Std) 	Creating falagard mapping for type 'TaharezLook/ScrollablePane' using base type 'CEGUI/ScrollablePane', window renderer 'Core/ScrollablePane' Look'N'Feel 'TaharezLook/ScrollablePane' and RenderEffect ''. (0x7ffd5582fb80)
13/10/2017 17:35:47 (Std) 	Creating falagard mapping for type 'TaharezLook/Spinner' using base type 'CEGUI/Spinner', window renderer 'Core/Default' Look'N'Feel 'TaharezLook/Spinner' and RenderEffect ''. (0x7ffd5582fb80)
13/10/2017 17:35:47 (Std) 	Creating falagard mapping for type 'TaharezLook/Tooltip' using base type 'CEGUI/Tooltip', window renderer 'Core/Tooltip' Look'N'Feel 'TaharezLook/Tooltip' and RenderEffect ''. (0x7ffd5582fb80)
13/10/2017 17:35:47 (Std) 	Creating falagard mapping for type 'TaharezLook/StaticImage' using base type 'DefaultWindow', window renderer 'Core/StaticImage' Look'N'Feel 'TaharezLook/StaticImage' and RenderEffect ''. (0x7ffd5582fb80)
13/10/2017 17:35:47 (Std) 	Creating falagard mapping for type 'TaharezLook/StaticText' using base type 'DefaultWindow', window renderer 'Core/StaticText' Look'N'Feel 'TaharezLook/StaticText' and RenderEffect ''. (0x7ffd5582fb80)
13/10/2017 17:35:47 (Std) 	Creating falagard mapping for type 'TaharezLook/ItemListbox' using base type 'CEGUI/ItemListbox', window renderer 'Core/ItemListbox' Look'N'Feel 'TaharezLook/ItemListbox' and RenderEffect ''. (0x7ffd5582fb80)
13/10/2017 17:35:47 (Std) 	Creating falagard mapping for type 'TaharezLook/ListboxItem' using base type 'CEGUI/ItemEntry', window renderer 'Core/ItemEntry' Look'N'Feel 'TaharezLook/ListboxItem' and RenderEffect ''. (0x7ffd5582fb80)
13/10/2017 17:35:47 (Std) 	Creating falagard mapping for type 'TaharezLook/GroupBox' using base type 'DefaultWindow', window renderer 'Core/Default' Look'N'Feel 'TaharezLook/GroupBox' and RenderEffect ''. (0x7ffd5582fb80)
13/10/2017 17:35:47 (Std) 	Creating falagard mapping for type 'TaharezLook/Tree' using base type 'CEGUI/Tree', window renderer 'Core/Tree' Look'N'Feel 'TaharezLook/Tree' and RenderEffect ''. (0x7ffd5582fb80)
13/10/2017 17:35:47 (Std) 	[OgreRenderer] Created texture: DejaVuSans-12_auto_glyph_images_32
